
> okbuddy-unified@0.1.0 dev
> next dev

   ▲ Next.js 15.1.8
   - Local:        http://localhost:3000
   - Network:      http://10.163.32.117:3000
   - Environments: .env.local

 ✓ Starting...
 ✓ Ready in 1565ms
 ✓ Compiled /middleware in 100ms (104 modules)
 ○ Compiling / ...


Source path: /Users/tomnguyen/Documents/Cursor/Projects/OkBuddy/app/globals.css
Setting up new context...
Finding changed files: 6.185ms
Reading changed files: 165.518ms
Sorting candidates: 5.854ms
Generate rules: 98.153ms
Build stylesheet: 2.702ms
Potential classes:  10252
Active contexts:  1
JIT TOTAL: 381.98ms


 ✓ Compiled / in 1179ms (674 modules)
 GET / 200 in 1400ms


Source path: /Users/tomnguyen/Documents/Cursor/Projects/OkBuddy/app/globals.css
Finding changed files: 3.255ms
Reading changed files: 0.088ms
Sorting candidates: 0.002ms
Generate rules: 0.092ms
Build stylesheet: 0.002ms
Potential classes:  1
Active contexts:  1
JIT TOTAL: 38.051ms


 ✓ Compiled in 327ms (328 modules)
 GET / 200 in 24ms
 HEAD / 200 in 14ms
[?25h
